{"name":"Runs Cucumber Scenarios","status":"skipped","statusDetails":{"known":false,"muted":false,"flaky":false,"message":"cucumber.api.PendingException: TODO: implement me\r\n\tat stepdefinitions.population.request_the_population_end_point(population.java:27)\r\n\tat ✽.request the population end point(file:src/test/resources/features/population.feature:5)\r\n","trace":"org.testng.SkipException: cucumber.api.PendingException: TODO: implement me\r\n\tat stepdefinitions.population.request_the_population_end_point(population.java:27)\r\n\tat ✽.request the population end point(file:src/test/resources/features/population.feature:5)\r\n\r\n\tat io.cucumber.testng.TestCaseResultListener.getError(TestCaseResultListener.java:54)\r\n\tat io.cucumber.testng.TestNGCucumberRunner.runScenario(TestNGCucumberRunner.java:83)\r\n\tat io.cucumber.testng.AbstractTestNGCucumberTests.runScenario(AbstractTestNGCucumberTests.java:24)\r\n\tat java.base/jdk.internal.reflect.NativeMethodAccessorImpl.invoke0(Native Method)\r\n\tat java.base/jdk.internal.reflect.NativeMethodAccessorImpl.invoke(NativeMethodAccessorImpl.java:77)\r\n\tat java.base/jdk.internal.reflect.DelegatingMethodAccessorImpl.invoke(DelegatingMethodAccessorImpl.java:43)\r\n\tat java.base/java.lang.reflect.Method.invoke(Method.java:568)\r\n\tat org.testng.internal.MethodInvocationHelper.invokeMethod(MethodInvocationHelper.java:131)\r\n\tat org.testng.internal.TestInvoker.invokeMethod(TestInvoker.java:570)\r\n\tat org.testng.internal.TestInvoker.invokeTestMethod(TestInvoker.java:170)\r\n\tat org.testng.internal.MethodRunner.runInSequence(MethodRunner.java:46)\r\n\tat org.testng.internal.TestInvoker$MethodInvocationAgent.invoke(TestInvoker.java:790)\r\n\tat org.testng.internal.TestInvoker.invokeTestMethods(TestInvoker.java:143)\r\n\tat org.testng.internal.TestMethodWorker.invokeTestMethods(TestMethodWorker.java:146)\r\n\tat org.testng.internal.TestMethodWorker.run(TestMethodWorker.java:128)\r\n\tat org.testng.TestRunner.privateRun(TestRunner.java:763)\r\n\tat org.testng.TestRunner.run(TestRunner.java:594)\r\n\tat org.testng.SuiteRunner.runTest(SuiteRunner.java:398)\r\n\tat org.testng.SuiteRunner.runSequentially(SuiteRunner.java:392)\r\n\tat org.testng.SuiteRunner.privateRun(SuiteRunner.java:355)\r\n\tat org.testng.SuiteRunner.run(SuiteRunner.java:304)\r\n\tat org.testng.SuiteRunnerWorker.runSuite(SuiteRunnerWorker.java:53)\r\n\tat org.testng.SuiteRunnerWorker.run(SuiteRunnerWorker.java:96)\r\n\tat org.testng.TestNG.runSuitesSequentially(TestNG.java:1146)\r\n\tat org.testng.TestNG.runSuitesLocally(TestNG.java:1067)\r\n\tat org.testng.TestNG.runSuites(TestNG.java:997)\r\n\tat org.testng.TestNG.run(TestNG.java:965)\r\n\tat com.intellij.rt.testng.IDEARemoteTestNG.run(IDEARemoteTestNG.java:66)\r\n\tat com.intellij.rt.testng.RemoteTestNGStarter.main(RemoteTestNGStarter.java:109)\r\nCaused by: cucumber.api.PendingException: TODO: implement me\r\n\tat stepdefinitions.population.request_the_population_end_point(population.java:27)\r\n\tat ✽.request the population end point(file:src/test/resources/features/population.feature:5)\r\n"},"stage":"finished","steps":[],"attachments":[],"parameters":[{"name":"arg1","value":"\"Population End Point\""},{"name":"arg0","value":"\"Verify population end point\""}],"start":1689779908667,"stop":1689779911351,"uuid":"327115f7-ca81-478b-93d2-f8e5b83d8e0c","historyId":"35ebf81a6e12d800e423c6db3d519afd","fullName":"io.cucumber.testng.AbstractTestNGCucumberTests.runScenario","labels":[{"name":"package","value":"TestRunner"},{"name":"testClass","value":"TestRunner"},{"name":"testMethod","value":"runScenario"},{"name":"parentSuite","value":"Default Suite"},{"name":"suite","value":"CucumberAPI"},{"name":"subSuite","value":"TestRunner"},{"name":"host","value":"INLSVX1BC4"},{"name":"thread","value":"18484@INLSVX1BC4.main(1)"},{"name":"framework","value":"testng"},{"name":"language","value":"java"}],"links":[]}